<?xml version="1.0" encoding="UTF-8"?>
<testsuites tests="1" failures="0" disabled="0" errors="0" time="0" timestamp="2026-07-18T10:05:00" name="AllTests">
  <testsuite name="PerceptiveReferenceManager" tests="1" failures="0" disabled="0" errors="0" time="0" timestamp="2026-07-18T10:05:00">
    <testcase name="ResamplesInputFromInputTrajectory" status="run" result="completed" time="0" timestamp="2026-07-18T10:05:00" classname="legged_perceptive_interface.PerceptiveReferenceManager" />
  </testsuite>
</testsuites>
