Start testing: Jul 18 08:49 UTC
----------------------------------------------------------
1/2 Testing: test_convex_region_selector_timing
1/2 Test: test_convex_region_selector_timing
Command: "/usr/bin/python3" "-u" "/opt/ros/humble/share/ament_cmake_test/cmake/run_test.py" "/workspace/src/legged_perceptive/build/perceptive_sanitize/test_results/legged_perceptive_interface/test_convex_region_selector_timing.gtest.xml" "--package-name" "legged_perceptive_interface" "--output-file" "/workspace/src/legged_perceptive/build/perceptive_sanitize/ament_cmake_gtest/test_convex_region_selector_timing.txt" "--command" "/workspace/src/legged_perceptive/build/perceptive_sanitize/test_convex_region_selector_timing" "--gtest_output=xml:/workspace/src/legged_perceptive/build/perceptive_sanitize/test_results/legged_perceptive_interface/test_convex_region_selector_timing.gtest.xml"
Directory: /workspace/src/legged_perceptive/build/perceptive_sanitize
"test_convex_region_selector_timing" start time: Jul 18 08:49 UTC
Output:
----------------------------------------------------------
-- run_test.py: invoking following command in '/workspace/src/legged_perceptive/build/perceptive_sanitize':
 - /workspace/src/legged_perceptive/build/perceptive_sanitize/test_convex_region_selector_timing --gtest_output=xml:/workspace/src/legged_perceptive/build/perceptive_sanitize/test_results/legged_perceptive_interface/test_convex_region_selector_timing.gtest.xml
Running main() from /opt/ros/humble/src/gtest_vendor/src/gtest_main.cc
[==========] Running 2 tests from 1 test suite.
[----------] Global test environment set-up.
[----------] 2 tests from ConvexRegionSelectorTiming
[ RUN      ] ConvexRegionSelectorTiming.FinalStanceIndexReferencesExistingEventTime
[       OK ] ConvexRegionSelectorTiming.FinalStanceIndexReferencesExistingEventTime (1 ms)
[ RUN      ] ConvexRegionSelectorTiming.AddressSanitizerReproducesFinalStanceOutOfBoundsRead
[       OK ] ConvexRegionSelectorTiming.AddressSanitizerReproducesFinalStanceOutOfBoundsRead (0 ms)
[----------] 2 tests from ConvexRegionSelectorTiming (1 ms total)

[----------] Global test environment tear-down
[==========] 2 tests from 1 test suite ran. (1 ms total)
[  PASSED  ] 2 tests.
-- run_test.py: return code 0
-- run_test.py: inject classname prefix into gtest result file '/workspace/src/legged_perceptive/build/perceptive_sanitize/test_results/legged_perceptive_interface/test_convex_region_selector_timing.gtest.xml'
-- run_test.py: verify result file '/workspace/src/legged_perceptive/build/perceptive_sanitize/test_results/legged_perceptive_interface/test_convex_region_selector_timing.gtest.xml'
<end of output>
Test time =   0.32 sec
----------------------------------------------------------
Test Passed.
"test_convex_region_selector_timing" end time: Jul 18 08:49 UTC
"test_convex_region_selector_timing" time elapsed: 00:00:00
----------------------------------------------------------

End testing: Jul 18 08:49 UTC

gtest =   0.32 sec*proc

