Start testing: Jul 18 08:33 UTC
----------------------------------------------------------
1/2 Testing: test_convex_region_selector_timing
1/2 Test: test_convex_region_selector_timing
Command: "/usr/bin/python3" "-u" "/opt/ros/humble/share/ament_cmake_test/cmake/run_test.py" "/workspace/src/legged_perceptive/build/legged_perceptive_interface/test_results/legged_perceptive_interface/test_convex_region_selector_timing.gtest.xml" "--package-name" "legged_perceptive_interface" "--output-file" "/workspace/src/legged_perceptive/build/legged_perceptive_interface/ament_cmake_gtest/test_convex_region_selector_timing.txt" "--command" "/workspace/src/legged_perceptive/build/legged_perceptive_interface/test_convex_region_selector_timing" "--gtest_output=xml:/workspace/src/legged_perceptive/build/legged_perceptive_interface/test_results/legged_perceptive_interface/test_convex_region_selector_timing.gtest.xml"
Directory: /workspace/src/legged_perceptive/build/legged_perceptive_interface
"test_convex_region_selector_timing" start time: Jul 18 08:33 UTC
Output:
----------------------------------------------------------
-- run_test.py: invoking following command in '/workspace/src/legged_perceptive/build/legged_perceptive_interface':
 - /workspace/src/legged_perceptive/build/legged_perceptive_interface/test_convex_region_selector_timing --gtest_output=xml:/workspace/src/legged_perceptive/build/legged_perceptive_interface/test_results/legged_perceptive_interface/test_convex_region_selector_timing.gtest.xml
Running main() from /opt/ros/humble/src/gtest_vendor/src/gtest_main.cc
[==========] Running 1 test from 1 test suite.
[----------] Global test environment set-up.
[----------] 1 test from ConvexRegionSelectorTiming
[ RUN      ] ConvexRegionSelectorTiming.FinalStanceIndexReferencesExistingEventTime
[       OK ] ConvexRegionSelectorTiming.FinalStanceIndexReferencesExistingEventTime (0 ms)
[----------] 1 test from ConvexRegionSelectorTiming (0 ms total)

[----------] Global test environment tear-down
[==========] 1 test from 1 test suite ran. (0 ms total)
[  PASSED  ] 1 test.
-- run_test.py: return code 0
-- run_test.py: inject classname prefix into gtest result file '/workspace/src/legged_perceptive/build/legged_perceptive_interface/test_results/legged_perceptive_interface/test_convex_region_selector_timing.gtest.xml'
-- run_test.py: verify result file '/workspace/src/legged_perceptive/build/legged_perceptive_interface/test_results/legged_perceptive_interface/test_convex_region_selector_timing.gtest.xml'
<end of output>
Test time =   0.05 sec
----------------------------------------------------------
Test Passed.
"test_convex_region_selector_timing" end time: Jul 18 08:33 UTC
"test_convex_region_selector_timing" time elapsed: 00:00:00
----------------------------------------------------------

2/2 Testing: test_perceptive_reference_manager
2/2 Test: test_perceptive_reference_manager
Command: "/usr/bin/python3" "-u" "/opt/ros/humble/share/ament_cmake_test/cmake/run_test.py" "/workspace/src/legged_perceptive/build/legged_perceptive_interface/test_results/legged_perceptive_interface/test_perceptive_reference_manager.gtest.xml" "--package-name" "legged_perceptive_interface" "--output-file" "/workspace/src/legged_perceptive/build/legged_perceptive_interface/ament_cmake_gtest/test_perceptive_reference_manager.txt" "--command" "/workspace/src/legged_perceptive/build/legged_perceptive_interface/test_perceptive_reference_manager" "--gtest_output=xml:/workspace/src/legged_perceptive/build/legged_perceptive_interface/test_results/legged_perceptive_interface/test_perceptive_reference_manager.gtest.xml"
Directory: /workspace/src/legged_perceptive/build/legged_perceptive_interface
"test_perceptive_reference_manager" start time: Jul 18 08:33 UTC
Output:
----------------------------------------------------------
-- run_test.py: invoking following command in '/workspace/src/legged_perceptive/build/legged_perceptive_interface':
 - /workspace/src/legged_perceptive/build/legged_perceptive_interface/test_perceptive_reference_manager --gtest_output=xml:/workspace/src/legged_perceptive/build/legged_perceptive_interface/test_results/legged_perceptive_interface/test_perceptive_reference_manager.gtest.xml
Running main() from /opt/ros/humble/src/gtest_vendor/src/gtest_main.cc
[==========] Running 1 test from 1 test suite.
[----------] Global test environment set-up.
[----------] 1 test from PerceptiveReferenceManager
[ RUN      ] PerceptiveReferenceManager.ResamplesInputFromInputTrajectory
[       OK ] PerceptiveReferenceManager.ResamplesInputFromInputTrajectory (0 ms)
[----------] 1 test from PerceptiveReferenceManager (0 ms total)

[----------] Global test environment tear-down
[==========] 1 test from 1 test suite ran. (0 ms total)
[  PASSED  ] 1 test.
-- run_test.py: return code 0
-- run_test.py: inject classname prefix into gtest result file '/workspace/src/legged_perceptive/build/legged_perceptive_interface/test_results/legged_perceptive_interface/test_perceptive_reference_manager.gtest.xml'
-- run_test.py: verify result file '/workspace/src/legged_perceptive/build/legged_perceptive_interface/test_results/legged_perceptive_interface/test_perceptive_reference_manager.gtest.xml'
<end of output>
Test time =   0.04 sec
----------------------------------------------------------
Test Passed.
"test_perceptive_reference_manager" end time: Jul 18 08:33 UTC
"test_perceptive_reference_manager" time elapsed: 00:00:00
----------------------------------------------------------

End testing: Jul 18 08:33 UTC

gtest =   0.09 sec*proc

