<?xml version="1.0" encoding="UTF-8"?>
<testsuite name="legged_perceptive_interface" tests="1" failures="0" time="0.296" errors="1" skipped="0">
  <testcase classname="legged_perceptive_interface" name="test_perceptive_reference_manager.gtest.missing_result" time="0.296">
    <error message="The test did not generate a result file:&#10;&#10;Running main() from /opt/ros/humble/src/gtest_vendor/src/gtest_main.cc&#10;[==========] Running 1 test from 1 test suite.&#10;[----------] Global test environment set-up.&#10;[----------] 1 test from PerceptiveReferenceManager&#10;[ RUN      ] PerceptiveReferenceManager.ResamplesInputFromInputTrajectory&#10;=================================================================&#10;==72781==ERROR: AddressSanitizer: heap-buffer-overflow on address 0x50200000fb28 at pc 0x6258673c0c09 bp 0x7ffc3a3e0620 sp 0x7ffc3a3e0610&#10;READ of size 8 at 0x50200000fb28 thread T0&#10;    #0 0x6258673c0c08 in Eigen::internal::handmade_aligned_free(void*) /usr/include/eigen3/Eigen/src/Core/util/Memory.h:118&#10;    #1 0x6258673c0c84 in Eigen::internal::aligned_free(void*) /usr/include/eigen3/Eigen/src/Core/util/Memory.h:206&#10;    #2 0x6258673c8a21 in void Eigen::internal::conditional_aligned_free&lt;true&gt;(void*) /usr/include/eigen3/Eigen/src/Core/util/Memory.h:259&#10;    #3 0x6258673c52ed in void Eigen::internal::conditional_aligned_delete_auto&lt;double, true&gt;(double*, unsigned long) /usr/include/eigen3/Eigen/src/Core/util/Memory.h:446&#10;    #4 0x6258673c22d3 in Eigen::DenseStorage&lt;double, -1, -1, 1, 0&gt;::~DenseStorage() /usr/include/eigen3/Eigen/src/Core/DenseStorage.h:621&#10;    #5 0x6258673c0d01 in Eigen::PlainObjectBase&lt;Eigen::Matrix&lt;double, -1, 1, 0, -1, 1&gt; &gt;::~PlainObjectBase() /usr/include/eigen3/Eigen/src/Core/PlainObjectBase.h:98&#10;    #6 0x6258673c0d73 in Eigen::Matrix&lt;double, -1, 1, 0, -1, 1&gt;::~Matrix() /usr/include/eigen3/Eigen/src/Core/Matrix.h:178&#10;    #7 0x6258673cd7e9 in void std::_Destroy&lt;Eigen::Matrix&lt;double, -1, 1, 0, -1, 1&gt; &gt;(Eigen::Matrix&lt;double, -1, 1, 0, -1, 1&gt;*) /usr/include/c++/11/bits/stl_construct.h:151&#10;    #8 0x6258673cb9c9 in void std::_Destroy_aux&lt;false&gt;::__destroy&lt;Eigen::Matrix&lt;double, -1, 1, 0, -1, 1&gt;*&gt;(Eigen::Matrix&lt;double, -1, 1, 0, -1, 1&gt;*, Eigen::Matrix&lt;double, -1, 1, 0, -1, 1&gt;*) /usr/include/c++/11/bits/stl_construct.h:163&#10;    #9 0x6258673c8a98 in void std::_Destroy&lt;Eigen::Matrix&lt;double, -1, 1, 0, -1, 1&gt;*&gt;(Eigen::Matrix&lt;double, -1, 1, 0, -1, 1&gt;*, Eigen::Matrix&lt;double, -1, 1, 0, -1, 1&gt;*) /usr/include/c++/11/bits/stl_construct.h:196&#10;    #10 0x6258673c540b in void std::_Destroy&lt;Eigen::Matrix&lt;double, -1, 1, 0, -1, 1&gt;*, Eigen::Matrix&lt;double, -1, 1, 0, -1, 1&gt; &gt;(Eigen::Matrix&lt;double, -1, 1, 0, -1, 1&gt;*, Eigen::Matrix&lt;double, -1, 1, 0, -1, 1&gt;*, std::allocator&lt;Eigen::Matrix&lt;double, -1, 1, 0, -1, 1&gt; &gt;&amp;) /usr/include/c++/11/bits/alloc_traits.h:848&#10;    #11 0x6258673c2624 in std::vector&lt;Eigen::Matrix&lt;double, -1, 1, 0, -1, 1&gt;, std::allocator&lt;Eigen::Matrix&lt;double, -1, 1, 0, -1, 1&gt; &gt; &gt;::~vector() /usr/include/c++/11/bits/stl_vector.h:680&#10;    #12 0x6258673c0e47 in ocs2::TargetTrajectories::~TargetTrajectories() /workspace/install/ocs2_core/include/ocs2_core/reference/TargetTrajectories.h:41&#10;    #13 0x6258673be1c0 in TestBody /workspace/src/legged_perceptive/legged_perceptive_interface/test/test_perceptive_reference_manager.cpp:21&#10;    #14 0x6258674c68cc in void testing::internal::HandleSehExceptionsInMethodIfSupported&lt;testing::Test, void&gt;(testing::Test*, void (testing::Test::*)(), char const*) /opt/ros/humble/src/gtest_vendor/./src/gtest.cc:2433&#10;    #15 0x6258674a4fa5 in void testing::internal::HandleExceptionsInMethodIfSupported&lt;testing::Test, void&gt;(testing::Test*, void (testing::Test::*)(), char const*) /opt/ros/humble/src/gtest_vendor/./src/gtest.cc:2469&#10;    #16 0x6258673f583d in testing::Test::Run() /opt/ros/humble/src/gtest_vendor/./src/gtest.cc:2508&#10;    #17 0x6258673f9124 in testing::TestInfo::Run() /opt/ros/humble/src/gtest_vendor/./src/gtest.cc:2684&#10;    #18 0x6258673fc81c in testing::TestSuite::Run() /opt/ros/humble/src/gtest_vendor/./src/gtest.cc:2816&#10;    #19 0x625867438f27 in testing::internal::UnitTestImpl::RunAllTests() /opt/ros/humble/src/gtest_vendor/./src/gtest.cc:5338&#10;    #20 0x6258674cc140 in bool testing::internal::HandleSehExceptionsInMethodIfSupported&lt;testing::internal::UnitTestImpl, bool&gt;(testing::internal::UnitTestImpl*, bool (testing::internal::UnitTestImpl::*)(), char const*) /opt/ros/humble/src/gtest_vendor/./src/gtest.cc:2433&#10;    #21 0x6258674aaed4 in bool testing::internal::HandleExceptionsInMethodIfSupported&lt;testing::internal::UnitTestImpl, bool&gt;(testing::internal::UnitTestImpl*, bool (testing::internal::UnitTestImpl::*)(), char const*) /opt/ros/humble/src/gtest_vendor/./src/gtest.cc:2469&#10;    #22 0x62586742c41a in testing::UnitTest::Run() /opt/ros/humble/src/gtest_vendor/./src/gtest.cc:4925&#10;    #23 0x6258673d1e19 in RUN_ALL_TESTS() /opt/ros/humble/src/gtest_vendor/include/gtest/gtest.h:2473&#10;    #24 0x6258673d1bee in main /opt/ros/humble/src/gtest_vendor/src/gtest_main.cc:45&#10;    #25 0x7f172e183d8f  (/lib/x86_64-linux-gnu/libc.so.6+0x29d8f)&#10;    #26 0x7f172e183e3f in __libc_start_main (/lib/x86_64-linux-gnu/libc.so.6+0x29e3f)&#10;    #27 0x6258673bc3d4 in _start (/workspace/src/legged_perceptive/build/perceptive_sanitize/test_perceptive_reference_manager+0x1d23d4)&#10;&#10;0x50200000fb28 is located 8 bytes to the left of 16-byte region [0x50200000fb30,0x50200000fb40)&#10;allocated by thread T0 here:&#10;    #0 0x7f1732cad887 in __interceptor_malloc ../../../../src/libsanitizer/asan/asan_malloc_linux.cpp:145&#10;    #1 0x62586750fb10 in Eigen::internal::aligned_malloc(unsigned long) /usr/include/eigen3/Eigen/src/Core/util/Memory.h:182&#10;    #2 0x62586750fb10 in void* Eigen::internal::conditional_aligned_malloc&lt;true&gt;(unsigned long) /usr/include/eigen3/Eigen/src/Core/util/Memory.h:241&#10;    #3 0x62586750fb10 in double* Eigen::internal::conditional_aligned_new_auto&lt;double, true&gt;(unsigned long) /usr/include/eigen3/Eigen/src/Core/util/Memory.h:404&#10;    #4 0x62586750fb10 in Eigen::DenseStorage&lt;double, -1, -1, 1, 0&gt;::resize(long, long, long) /usr/include/eigen3/Eigen/src/Core/DenseStorage.h:639&#10;    #5 0x62586750fb10 in Eigen::PlainObjectBase&lt;Eigen::Matrix&lt;double, -1, 1, 0, -1, 1&gt; &gt;::resize(long, long) /usr/include/eigen3/Eigen/src/Core/PlainObjectBase.h:285&#10;    #6 0x62586750fb10 in void Eigen::PlainObjectBase&lt;Eigen::Matrix&lt;double, -1, 1, 0, -1, 1&gt; &gt;::resizeLike&lt;Eigen::CwiseBinaryOp&lt;Eigen::internal::scalar_sum_op&lt;double, double&gt;, Eigen::CwiseBinaryOp&lt;Eigen::internal::scalar_product_op&lt;double, double&gt;, Eigen::CwiseNullaryOp&lt;Eigen::internal::scalar_constant_op&lt;double&gt;, Eigen::Matrix&lt;double, -1, 1, 0, -1, 1&gt; const&gt; const, Eigen::Matrix&lt;double, -1, 1, 0, -1, 1&gt; const&gt; const, Eigen::CwiseBinaryOp&lt;Eigen::internal::scalar_product_op&lt;double, double&gt;, Eigen::CwiseNullaryOp&lt;Eigen::internal::scalar_constant_op&lt;double&gt;, Eigen::Matrix&lt;double, -1, 1, 0, -1, 1&gt; const&gt; const, Eigen::Matrix&lt;double, -1, 1, 0, -1, 1&gt; const&gt; const&gt; &gt;(Eigen::EigenBase&lt;Eigen::CwiseBinaryOp&lt;Eigen::internal::scalar_sum_op&lt;double, double&gt;, Eigen::CwiseBinaryOp&lt;Eigen::internal::scalar_product_op&lt;double, double&gt;, Eigen::CwiseNullaryOp&lt;Eigen::internal::scalar_constant_op&lt;double&gt;, Eigen::Matrix&lt;double, -1, 1, 0, -1, 1&gt; const&gt; const, Eigen::Matrix&lt;double, -1, 1, 0, -1, 1&gt; const&gt; const, Eigen::CwiseBinaryOp&lt;Eigen::internal::scalar_product_op&lt;double, double&gt;, Eigen::CwiseNullaryOp&lt;Eigen::internal::scalar_constant_op&lt;double&gt;, Eigen::Matrix&lt;double, -1, 1, 0, -1, 1&gt; const&gt; const, Eigen::Matrix&lt;double, -1, 1, 0, -1, 1&gt; const&gt; const&gt; &gt; const&amp;) /usr/include/eigen3/Eigen/src/Core/PlainObjectBase.h:367&#10;    #7 0x62586750fb10 in Eigen::PlainObjectBase&lt;Eigen::Matrix&lt;double, -1, 1, 0, -1, 1&gt; &gt;::PlainObjectBase&lt;Eigen::CwiseBinaryOp&lt;Eigen::internal::scalar_sum_op&lt;double, double&gt;, Eigen::CwiseBinaryOp&lt;Eigen::internal::scalar_product_op&lt;double, double&gt;, Eigen::CwiseNullaryOp&lt;Eigen::internal::scalar_constant_op&lt;double&gt;, Eigen::Matrix&lt;double, -1, 1, 0, -1, 1&gt; const&gt; const, Eigen::Matrix&lt;double, -1, 1, 0, -1, 1&gt; const&gt; const, Eigen::CwiseBinaryOp&lt;Eigen::internal::scalar_product_op&lt;double, double&gt;, Eigen::CwiseNullaryOp&lt;Eigen::internal::scalar_constant_op&lt;double&gt;, Eigen::Matrix&lt;double, -1, 1, 0, -1, 1&gt; const&gt; const, Eigen::Matrix&lt;double, -1, 1, 0, -1, 1&gt; const&gt; const&gt; &gt;(Eigen::DenseBase&lt;Eigen::CwiseBinaryOp&lt;Eigen::internal::scalar_sum_op&lt;double, double&gt;, Eigen::CwiseBinaryOp&lt;Eigen::internal::scalar_product_op&lt;double, double&gt;, Eigen::CwiseNullaryOp&lt;Eigen::internal::scalar_constant_op&lt;double&gt;, Eigen::Matrix&lt;double, -1, 1, 0, -1, 1&gt; const&gt; const, Eigen::Matrix&lt;double, -1, 1, 0, -1, 1&gt; const&gt; const, Eigen::CwiseBinaryOp&lt;Eigen::internal::scalar_product_op&lt;double, double&gt;, Eigen::CwiseNullaryOp&lt;Eigen::internal::scalar_constant_op&lt;double&gt;, Eigen::Matrix&lt;double, -1, 1, 0, -1, 1&gt; const&gt; const, Eigen::Matrix&lt;double, -1, 1, 0, -1, 1&gt; const&gt; const&gt; &gt; const&amp;) /usr/include/eigen3/Eigen/src/Core/PlainObjectBase.h:593&#10;    #8 0x50300036545f  (&lt;unknown module&gt;)&#10;&#10;SUMMARY: AddressSanitizer: heap-buffer-overflow /usr/include/eigen3/Eigen/src/Core/util/Memory.h:118 in Eigen::internal::handmade_aligned_free(void*)&#10;Shadow bytes around the buggy address:&#10;  0x0a047fff9f10: fa fa 00 00 fa fa 00 fa fa fa 00 00 fa fa 00 fa&#10;  0x0a047fff9f20: fa fa 00 00 fa fa 00 fa fa fa 00 fa fa fa 00 00&#10;  0x0a047fff9f30: fa fa 00 fa fa fa 00 fa fa fa 00 fa fa fa fd fa&#10;  0x0a047fff9f40: fa fa 00 fa fa fa 04 fa fa fa 00 fa fa fa 04 fa&#10;  0x0a047fff9f50: fa fa 00 00 fa fa 00 fa fa fa 00 00 fa fa 00 00&#10;=&gt;0x0a047fff9f60: fa fa 00 00 fa[fa]00 00 fa fa 00 00 fa fa 00 00&#10;  0x0a047fff9f70: fa fa 00 00 fa fa 00 00 fa fa fa fa fa fa fa fa&#10;  0x0a047fff9f80: fa fa fa fa fa fa fa fa fa fa fa fa fa fa fa fa&#10;  0x0a047fff9f90: fa fa fa fa fa fa fa fa fa fa fa fa fa fa fa fa&#10;  0x0a047fff9fa0: fa fa fa fa fa fa fa fa fa fa fa fa fa fa fa fa&#10;  0x0a047fff9fb0: fa fa fa fa fa fa fa fa fa fa fa fa fa fa fa fa&#10;Shadow byte legend (one shadow byte represents 8 application bytes):&#10;  Addressable:           00&#10;  Partially addressable: 01 02 03 04 05 06 07 &#10;  Heap left redzone:       fa&#10;  Freed heap region:       fd&#10;  Stack left redzone:      f1&#10;  Stack mid redzone:       f2&#10;  Stack right redzone:     f3&#10;  Stack after return:      f5&#10;  Stack use after scope:   f8&#10;  Global redzone:          f9&#10;  Global init order:       f6&#10;  Poisoned by user:        f7&#10;  Container overflow:      fc&#10;  Array cookie:            ac&#10;  Intra object redzone:    bb&#10;  ASan internal:           fe&#10;  Left alloca redzone:     ca&#10;  Right alloca redzone:    cb&#10;  Shadow gap:              cc&#10;==72781==ABORTING&#10;"/>
  </testcase>
</testsuite>
