<?xml version="1.0" encoding="UTF-8"?>
<testsuites tests="2" failures="0" disabled="0" errors="0" time="0.001" timestamp="2026-07-18T08:49:17" name="AllTests">
  <testsuite name="ConvexRegionSelectorTiming" tests="2" failures="0" disabled="0" errors="0" time="0.001" timestamp="2026-07-18T08:49:17">
    <testcase name="FinalStanceIndexReferencesExistingEventTime" status="run" result="completed" time="0.001" timestamp="2026-07-18T08:49:17" classname="legged_perceptive_interface.ConvexRegionSelectorTiming" />
    <testcase name="AddressSanitizerReproducesFinalStanceOutOfBoundsRead" status="run" result="completed" time="0" timestamp="2026-07-18T08:49:17" classname="legged_perceptive_interface.ConvexRegionSelectorTiming" />
  </testsuite>
</testsuites>
